<?xml version="1.0" encoding="UTF-8"?>
<!-- Generated by org.testng.reporters.JUnitReportReporter -->
<testsuite hostname="DESKTOP-Q420O00" failures="0" tests="1" name="com.SalesForce.Runner.Runner" time="4.943" errors="0" timestamp="2024-02-24T13:28:56 GMT-05:00" skipped="0">
  <testcase classname="com.SalesForce.Runner.Runner" name="runScenario" time="4.943"/>
  <system-out/>
</testsuite> <!-- com.SalesForce.Runner.Runner -->
